app/build/intermediates/manifest_merge_blame_file/release/manifest-merger-blame-release-report.txt
1<?xml version="1.0" encoding="utf-8"?>
2<manifest xmlns:android="http://schemas.android.com/apk/res/android"
3    package="com.fleetanalytics.pinpoint"
4    android:versionCode="1"
5    android:versionName="1.0" >
6
7    <uses-sdk
8        android:minSdkVersion="21"
8-->src/main/AndroidManifest.xml
9        android:targetSdkVersion="30" />
9-->src/main/AndroidManifest.xml
10
11    <permission
11-->src/main/AndroidManifest.xml:5:5-7:47
12        android:name="com.fleetanalytics.pinpoint.permission.MAPS_RECEIVE"
12-->src/main/AndroidManifest.xml:6:9-75
13        android:protectionLevel="signature" />
13-->src/main/AndroidManifest.xml:7:9-44
14
15    <uses-permission android:name="com.fleetanalytics.pinpoint.permission.MAPS_RECEIVE" />
15-->src/main/AndroidManifest.xml:9:5-91
15-->src/main/AndroidManifest.xml:9:22-88
16    <uses-permission android:name="android.permission.INTERNET" />
16-->src/main/AndroidManifest.xml:10:5-67
16-->src/main/AndroidManifest.xml:10:22-64
17    <uses-permission android:name="android.permission.WRITE_EXTERNAL_STORAGE" />
17-->src/main/AndroidManifest.xml:11:5-81
17-->src/main/AndroidManifest.xml:11:22-78
18    <uses-permission android:name="android.permission.READ_EXTERNAL_STORAGE" />
18-->src/main/AndroidManifest.xml:12:5-80
18-->src/main/AndroidManifest.xml:12:22-77
19    <uses-permission android:name="com.google.android.providers.gsf.permission.READ_GSERVICES" />
19-->src/main/AndroidManifest.xml:13:5-98
19-->src/main/AndroidManifest.xml:13:22-95
20    <uses-permission android:name="android.permission.ACCESS_COARSE_LOCATION" />
20-->src/main/AndroidManifest.xml:14:5-81
20-->src/main/AndroidManifest.xml:14:22-78
21    <uses-permission android:name="android.permission.ACCESS_FINE_LOCATION" />
21-->src/main/AndroidManifest.xml:15:5-79
21-->src/main/AndroidManifest.xml:15:22-76
22    <uses-permission android:name="android.permission.ACCESS_NETWORK_STATE" />
22-->src/main/AndroidManifest.xml:16:5-79
22-->src/main/AndroidManifest.xml:16:22-76
23    <uses-permission android:name="android.permission.SEND_SMS" />
23-->src/main/AndroidManifest.xml:17:5-67
23-->src/main/AndroidManifest.xml:17:22-64
24    <uses-permission android:name="android.permission.READ_PHONE_STATE" />
24-->src/main/AndroidManifest.xml:18:2-72
24-->src/main/AndroidManifest.xml:18:19-69
25
26    <uses-feature
26-->src/main/AndroidManifest.xml:19:5-21:35
27        android:glEsVersion="0x00020000"
27-->src/main/AndroidManifest.xml:20:9-41
28        android:required="true" />
28-->src/main/AndroidManifest.xml:21:9-32
29
30    <application
30-->src/main/AndroidManifest.xml:23:5-109:19
31        android:allowBackup="true"
31-->src/main/AndroidManifest.xml:24:9-35
32        android:appComponentFactory="android.support.v4.app.CoreComponentFactory"
32-->[com.android.support:support-compat:28.0.0] AndroidManifest.xml:22:18-91
33        android:icon="@drawable/ic_launcher"
33-->src/main/AndroidManifest.xml:25:9-45
34        android:label="@string/app_name"
34-->src/main/AndroidManifest.xml:26:9-41
35        android:theme="@style/AppTheme"
35-->src/main/AndroidManifest.xml:28:9-40
36        android:usesCleartextTraffic="true" >
36-->src/main/AndroidManifest.xml:27:9-44
37        <uses-library
37-->src/main/AndroidManifest.xml:30:9-88
38            android:name="org.apache.http.legacy"
38-->src/main/AndroidManifest.xml:30:23-60
39            android:required="false" />
39-->src/main/AndroidManifest.xml:30:61-85
40
41        <activity
41-->src/main/AndroidManifest.xml:32:9-43:20
42            android:name="com.fleetanalytics.pinpoint.LoginActivity"
42-->src/main/AndroidManifest.xml:33:13-69
43            android:label="@string/app_name"
43-->src/main/AndroidManifest.xml:34:13-45
44            android:screenOrientation="portrait"
44-->src/main/AndroidManifest.xml:35:13-49
45            android:theme="@android:style/Theme.Black.NoTitleBar"
45-->src/main/AndroidManifest.xml:36:13-66
46            android:windowSoftInputMode="stateHidden" >
46-->src/main/AndroidManifest.xml:37:13-54
47            <intent-filter>
47-->src/main/AndroidManifest.xml:38:13-42:29
48                <action android:name="android.intent.action.MAIN" />
48-->src/main/AndroidManifest.xml:39:17-69
48-->src/main/AndroidManifest.xml:39:25-66
49
50                <category android:name="android.intent.category.LAUNCHER" />
50-->src/main/AndroidManifest.xml:41:17-77
50-->src/main/AndroidManifest.xml:41:27-74
51            </intent-filter>
52        </activity>
53        <activity
53-->src/main/AndroidManifest.xml:44:9-48:20
54            android:name="slider.SliderHomeActivity"
54-->src/main/AndroidManifest.xml:45:13-53
55            android:configChanges="orientation|screenSize"
55-->src/main/AndroidManifest.xml:46:13-59
56            android:label="@string/title_activity_slider_home" >
56-->src/main/AndroidManifest.xml:47:13-63
57        </activity>
58        <activity
58-->src/main/AndroidManifest.xml:49:9-52:20
59            android:name="slider.MappingFragment"
59-->src/main/AndroidManifest.xml:50:13-50
60            android:label="@string/title_activity_slider_home" >
60-->src/main/AndroidManifest.xml:51:13-63
61        </activity>
62
63        <meta-data
63-->src/main/AndroidManifest.xml:54:9-56:71
64            android:name="com.google.android.maps.v2.API_KEY"
64-->src/main/AndroidManifest.xml:55:13-62
65            android:value="AIzaSyDxQlr57lf1qeKoN691JWr88xfM4KagI5k" /> <!-- Given by Gary on 8th Feb22 Via Slack -->
65-->src/main/AndroidManifest.xml:56:13-68
66        <!-- android:value="AIzaSyBumYojM_YGvMt5kUzeK8tOFJK-EHqLJRI" /> -->
67
68        <meta-data
68-->src/main/AndroidManifest.xml:59:9-61:69
69            android:name="com.google.android.gms.version"
69-->src/main/AndroidManifest.xml:60:13-58
70            android:value="@integer/google_play_services_version" />
70-->src/main/AndroidManifest.xml:61:13-66
71
72        <activity
72-->src/main/AndroidManifest.xml:63:9-67:20
73            android:name="com.fleetanalytics.pinpoint.MapSettingsActivity"
73-->src/main/AndroidManifest.xml:64:13-75
74            android:label="@string/title_activity_map_settings"
74-->src/main/AndroidManifest.xml:65:13-64
75            android:theme="@android:style/Theme.Dialog" >
75-->src/main/AndroidManifest.xml:66:13-56
76        </activity>
77        <activity
77-->src/main/AndroidManifest.xml:68:9-72:20
78            android:name="admin.ViewVehicleDetailsActivity"
78-->src/main/AndroidManifest.xml:69:13-60
79            android:label="@string/title_activity_view_vehicle_details"
79-->src/main/AndroidManifest.xml:70:13-72
80            android:windowSoftInputMode="stateHidden" >
80-->src/main/AndroidManifest.xml:71:13-54
81        </activity>
82        <activity
82-->src/main/AndroidManifest.xml:73:9-77:20
83            android:name="admin.ViewUserAdminDetailsActivity"
83-->src/main/AndroidManifest.xml:74:13-62
84            android:label="@string/title_activity_view_user_admin_details"
84-->src/main/AndroidManifest.xml:75:13-75
85            android:windowSoftInputMode="stateHidden" >
85-->src/main/AndroidManifest.xml:76:13-54
86        </activity>
87        <activity
87-->src/main/AndroidManifest.xml:78:9-81:20
88            android:name="admin.NewUserActivity"
88-->src/main/AndroidManifest.xml:79:13-49
89            android:label="@string/title_activity_new_user" >
89-->src/main/AndroidManifest.xml:80:13-60
90        </activity>
91        <activity
91-->src/main/AndroidManifest.xml:82:9-85:20
92            android:name="image_picker.DirectoryPicker"
92-->src/main/AndroidManifest.xml:83:13-56
93            android:label="@string/title_choose_directory" >
93-->src/main/AndroidManifest.xml:84:13-59
94        </activity>
95        <activity
95-->src/main/AndroidManifest.xml:86:9-89:20
96            android:name="admin.EditGroupActivity"
96-->src/main/AndroidManifest.xml:87:13-51
97            android:label="@string/title_activity_edit_group" >
97-->src/main/AndroidManifest.xml:88:13-62
98        </activity>
99        <activity
99-->src/main/AndroidManifest.xml:90:9-93:20
100            android:name="admin.NewVehicleActivity"
100-->src/main/AndroidManifest.xml:91:13-52
101            android:label="@string/title_activity_new_vehicle" >
101-->src/main/AndroidManifest.xml:92:13-63
102        </activity>
103        <activity
103-->src/main/AndroidManifest.xml:94:9-97:20
104            android:name="admin.NewGroupActivity"
104-->src/main/AndroidManifest.xml:95:13-50
105            android:label="@string/title_activity_new_group" >
105-->src/main/AndroidManifest.xml:96:13-61
106        </activity>
107        <activity
107-->src/main/AndroidManifest.xml:98:9-102:20
108            android:name="roles.RolesAddActivity"
108-->src/main/AndroidManifest.xml:99:13-50
109            android:label="@string/title_activity_roles_add"
109-->src/main/AndroidManifest.xml:100:13-61
110            android:screenOrientation="portrait" >
110-->src/main/AndroidManifest.xml:101:13-49
111        </activity>
112        <activity
112-->src/main/AndroidManifest.xml:103:9-106:20
113            android:name="roles.EditRolesActivity"
113-->src/main/AndroidManifest.xml:104:13-51
114            android:label="@string/title_activity_edit_roles" >
114-->src/main/AndroidManifest.xml:105:13-62
115        </activity>
116
117        <receiver android:name="com.fleetanalytics.pinpoint.broadcastReceiver" />
117-->src/main/AndroidManifest.xml:108:9-82
117-->src/main/AndroidManifest.xml:108:19-79
118
119        <activity
119-->[com.nabinbhandari.android:permissions:3.8] AndroidManifest.xml:12:9-14:67
120            android:name="com.nabinbhandari.android.permissions.PermissionsActivity"
120-->[com.nabinbhandari.android:permissions:3.8] AndroidManifest.xml:13:13-85
121            android:theme="@style/Permissions.TransparentTheme" />
121-->[com.nabinbhandari.android:permissions:3.8] AndroidManifest.xml:14:13-64
122    </application>
123
124</manifest>